<?xml version='1.0' encoding='UTF-8'?>
<testsuite hostname="nixos" name="euismod.ArraySpec" tests="1" errors="0" failures="1" skipped="0" time="0.036" timestamp="2021-03-20T08:59:16">
                     <properties>
[...]
</properties>
                     <testcase classname="euismod.ArraySpec" name="Feature: The README examples Scenario: Snippet 1" time="0.036">
                                                 <failure message="&quot;[2 :: HNil]
&quot; did not equal &quot;[(2, 3)]
&quot;" type="org.scalatest.exceptions.TestFailedException">org.scalatest.exceptions.TestFailedException: &quot;[2 :: HNil]
&quot; did not equal &quot;[(2, 3)]
&quot;
	at org.scalatest.Assertions.newAssertionFailedException(Assertions.scala:472)
	at org.scalatest.Assertions.newAssertionFailedException$(Assertions.scala:471)
	at org.scalatest.Assertions$.newAssertionFailedException(Assertions.scala:1231)
	at org.scalatest.Assertions$AssertionsHelper.macroAssert(Assertions.scala:1295)
	at euismod.ArraySpec.$anonfun$new$222(ArraySpec.scala:1476)
	at org.scalatest.OutcomeOf.outcomeOf(OutcomeOf.scala:85)
	at org.scalatest.OutcomeOf.outcomeOf$(OutcomeOf.scala:83)
	at org.scalatest.OutcomeOf$.outcomeOf(OutcomeOf.scala:104)
	at org.scalatest.Transformer.apply(Transformer.scala:22)
	at org.scalatest.Transformer.apply(Transformer.scala:20)
	at org.scalatest.featurespec.AnyFeatureSpecLike$$anon$1.apply(AnyFeatureSpecLike.scala:257)
	at org.scalatest.TestSuite.withFixture(TestSuite.scala:196)
	at org.scalatest.TestSuite.withFixture$(TestSuite.scala:195)
	at org.scalatest.featurespec.AnyFeatureSpec.withFixture(AnyFeatureSpec.scala:1826)
	at org.scalatest.featurespec.AnyFeatureSpecLike.invokeWithFixture$1(AnyFeatureSpecLike.scala:255)
	at org.scalatest.featurespec.AnyFeatureSpecLike.$anonfun$runTest$1(AnyFeatureSpecLike.scala:267)
	at org.scalatest.SuperEngine.runTestImpl(Engine.scala:306)
	at org.scalatest.featurespec.AnyFeatureSpecLike.runTest(AnyFeatureSpecLike.scala:267)
	at org.scalatest.featurespec.AnyFeatureSpecLike.runTest$(AnyFeatureSpecLike.scala:249)
	at org.scalatest.featurespec.AnyFeatureSpec.runTest(AnyFeatureSpec.scala:1826)
	at org.scalatest.featurespec.AnyFeatureSpecLike.$anonfun$runTests$1(AnyFeatureSpecLike.scala:326)
	at org.scalatest.SuperEngine.$anonfun$runTestsInBranch$1(Engine.scala:413)
	at scala.collection.immutable.List.foreach(List.scala:333)
	at org.scalatest.SuperEngine.traverseSubNodes$1(Engine.scala:401)
	at org.scalatest.SuperEngine.runTestsInBranch(Engine.scala:390)
	at org.scalatest.SuperEngine.$anonfun$runTestsInBranch$1(Engine.scala:427)
	at scala.collection.immutable.List.foreach(List.scala:333)
	at org.scalatest.SuperEngine.traverseSubNodes$1(Engine.scala:401)
	at org.scalatest.SuperEngine.runTestsInBranch(Engine.scala:396)
	at org.scalatest.SuperEngine.runTestsImpl(Engine.scala:475)
	at org.scalatest.featurespec.AnyFeatureSpecLike.runTests(AnyFeatureSpecLike.scala:326)
	at org.scalatest.featurespec.AnyFeatureSpecLike.runTests$(AnyFeatureSpecLike.scala:325)
	at org.scalatest.featurespec.AnyFeatureSpec.runTests(AnyFeatureSpec.scala:1826)
	at org.scalatest.Suite.run(Suite.scala:1112)
	at org.scalatest.Suite.run$(Suite.scala:1094)
	at org.scalatest.featurespec.AnyFeatureSpec.org$scalatest$featurespec$AnyFeatureSpecLike$$super$run(AnyFeatureSpec.scala:1826)
	at org.scalatest.featurespec.AnyFeatureSpecLike.$anonfun$run$1(AnyFeatureSpecLike.scala:367)
	at org.scalatest.SuperEngine.runImpl(Engine.scala:535)
	at org.scalatest.featurespec.AnyFeatureSpecLike.run(AnyFeatureSpecLike.scala:367)
	at org.scalatest.featurespec.AnyFeatureSpecLike.run$(AnyFeatureSpecLike.scala:366)
	at org.scalatest.featurespec.AnyFeatureSpec.run(AnyFeatureSpec.scala:1826)
	at org.scalatest.tools.Framework.org$scalatest$tools$Framework$$runSuite(Framework.scala:318)
	at org.scalatest.tools.Framework$ScalaTestTask.execute(Framework.scala:513)
	at sbt.TestRunner.runTest$1(TestFramework.scala:139)
	at sbt.TestRunner.run(TestFramework.scala:154)
	at sbt.TestFramework$$anon$3$$anonfun$$lessinit$greater$1.$anonfun$apply$1(TestFramework.scala:317)
	at sbt.TestFramework$.sbt$TestFramework$$withContextLoader(TestFramework.scala:277)
	at sbt.TestFramework$$anon$3$$anonfun$$lessinit$greater$1.apply(TestFramework.scala:317)
	at sbt.TestFramework$$anon$3$$anonfun$$lessinit$greater$1.apply(TestFramework.scala:317)
	at sbt.TestFunction.apply(TestFramework.scala:329)
	at sbt.Tests$.$anonfun$toTask$1(Tests.scala:311)
	at sbt.std.Transform$$anon$3.$anonfun$apply$2(Transform.scala:46)
	at sbt.std.Transform$$anon$4.work(Transform.scala:67)
	at sbt.Execute.$anonfun$submit$2(Execute.scala:281)
	at sbt.internal.util.ErrorHandling$.wideConvert(ErrorHandling.scala:19)
	at sbt.Execute.work(Execute.scala:290)
	at sbt.Execute.$anonfun$submit$1(Execute.scala:281)
	at sbt.ConcurrentRestrictions$$anon$4.$anonfun$submitValid$1(ConcurrentRestrictions.scala:178)
	at sbt.CompletionService$$anon$2.call(CompletionService.scala:37)
	at java.util.concurrent.FutureTask.run(FutureTask.java:266)
	at java.util.concurrent.Executors$RunnableAdapter.call(Executors.java:511)
	at java.util.concurrent.FutureTask.run(FutureTask.java:266)
	at java.util.concurrent.ThreadPoolExecutor.runWorker(ThreadPoolExecutor.java:1149)
	at java.util.concurrent.ThreadPoolExecutor$Worker.run(ThreadPoolExecutor.java:624)
	at java.lang.Thread.run(Thread.java:748)
</failure>
                                               </testcase>
                     <system-out><![CDATA[]]></system-out>
                     <system-err><![CDATA[]]></system-err>
                   </testsuite>