<?xml version='1.0' encoding='UTF-8'?>
<testsuite hostname="nixos" name="tests.ArraySpec" tests="1" errors="0" failures="0" skipped="0" time="0.019" timestamp="2021-03-20T15:52:17">
                     <properties>
[...]
</properties>
                     <testcase classname="tests.ArraySpec" name="Feature: The README examples Scenario: Snippet 1" time="0.019">
                                                 
                                               </testcase>
                     <system-out><![CDATA[]]></system-out>
                     <system-err><![CDATA[]]></system-err>
                   </testsuite>